<?xml version="1.0" encoding="utf-8"?><testsuites name="pytest tests"><testsuite name="pytest" errors="0" failures="0" skipped="0" tests="24" time="2.696" timestamp="2026-05-01T09:38:27.411033+00:00" hostname="agent-env-c3958e6f-c187-4e45-bcef-1ecbf9553855"><testcase classname="backend.tests.test_rkai_api" name="test_health" time="0.304" /><testcase classname="backend.tests.test_rkai_api.TestAuth" name="test_login_seeded_user" time="0.277" /><testcase classname="backend.tests.test_rkai_api.TestAuth" name="test_login_invalid_password" time="0.268" /><testcase classname="backend.tests.test_rkai_api.TestAuth" name="test_register_and_me" time="0.365" /><testcase classname="backend.tests.test_rkai_api.TestAuth" name="test_me_requires_token" time="0.045" /><testcase classname="backend.tests.test_rkai_api.TestProducts" name="test_list" time="0.048" /><testcase classname="backend.tests.test_rkai_api.TestProducts" name="test_categories" time="0.048" /><testcase classname="backend.tests.test_rkai_api.TestProducts" name="test_featured" time="0.046" /><testcase classname="backend.tests.test_rkai_api.TestProducts" name="test_filter_by_category" time="0.098" /><testcase classname="backend.tests.test_rkai_api.TestProducts" name="test_filter_all_returns_all" time="0.097" /><testcase classname="backend.tests.test_rkai_api.TestProducts" name="test_search" time="0.046" /><testcase classname="backend.tests.test_rkai_api.TestProducts" name="test_get_product_by_id" time="0.097" /><testcase classname="backend.tests.test_rkai_api.TestProducts" name="test_get_product_404" time="0.046" /><testcase classname="backend.tests.test_rkai_api" name="test_news" time="0.048" /><testcase classname="backend.tests.test_rkai_api" name="test_offers" time="0.046" /><testcase classname="backend.tests.test_rkai_api.TestOrdersAndWarranty" name="test_seed_orders_present" time="0.052" /><testcase classname="backend.tests.test_rkai_api.TestOrdersAndWarranty" name="test_seed_warranties" time="0.047" /><testcase classname="backend.tests.test_rkai_api.TestOrdersAndWarranty" name="test_warranties_unauth" time="0.048" /><testcase classname="backend.tests.test_rkai_api.TestOrdersAndWarranty" name="test_checkout_creates_order_and_warranty" time="0.189" /><testcase classname="backend.tests.test_rkai_api.TestOrdersAndWarranty" name="test_checkout_empty_cart" time="0.051" /><testcase classname="backend.tests.test_rkai_api.TestOrdersAndWarranty" name="test_checkout_invalid_product" time="0.048" /><testcase classname="backend.tests.test_rkai_api.TestOrdersAndWarranty" name="test_checkout_unauth" time="0.047" /><testcase classname="backend.tests.test_rkai_api.TestSupport" name="test_create_and_list_ticket" time="0.117" /><testcase classname="backend.tests.test_rkai_api.TestSupport" name="test_ticket_unauth" time="0.045" /></testsuite></testsuites>